# JRE version: Java(TM) SE Runtime Environment (21.0.3+7) (build 21.0.3+7-LTS-152)
# Java VM: Java HotSpot(TM) 64-Bit Server VM (21.0.3+7-LTS-152, mixed mode, sharing, tiered, compressed oops, compressed class ptrs, g1 gc, windows-amd64)
GC Precious Log:
 CardTable entry size: 512
 Card Set container configuration: InlinePtr #cards 4 size 8 Array Of Cards #cards 16 size 48 Howl #buckets 8 coarsen threshold 3686 Howl Bitmap #cards 512 size 80 coarsen threshold 460 Card regions per heap region 1 cards per card region 4096
 CPUs: 16 total, 16 available
 Memory: 16108M
 Large Page Support: Disabled
 NUMA Support: Disabled
 Compressed Oops: Enabled (Zero based)
 Heap Region Size: 2M
 Heap Min Capacity: 8M
 Heap Initial Capacity: 252M
 Heap Max Capacity: 4028M
 Pre-touch: Disabled
 Parallel Workers: 13
 Concurrent Workers: 3
 Concurrent Refinement Workers: 13
 Periodic GC: Disabled
Heap:
 garbage-first heap   total 188416K, used 130950K [0x0000000704400000, 0x0000000800000000)
  region size 2048K, 26 young (53248K), 5 survivors (10240K)
 Metaspace       used 42816K, committed 43456K, reserved 1114112K
  class space    used 4746K, committed 5056K, reserved 1048576K
GC Heap History (20 events):
Event: 8.006 GC heap before
{Heap before GC invocations=8 (full 0):
 garbage-first heap   total 124928K, used 94208K [0x0000000704400000, 0x0000000800000000)
  region size 2048K, 20 young (40960K), 4 survivors (8192K)
 Metaspace       used 31870K, committed 32320K, reserved 1114112K
  class space    used 3504K, committed 3712K, reserved 1048576K
}
Event: 8.019 GC heap after
{Heap after GC invocations=9 (full 0):
 garbage-first heap   total 124928K, used 72704K [0x0000000704400000, 0x0000000800000000)
  region size 2048K, 3 young (6144K), 3 survivors (6144K)
 Metaspace       used 31870K, committed 32320K, reserved 1114112K
  class space    used 3504K, committed 3712K, reserved 1048576K
}
Event: 8.318 GC heap before
{Heap before GC invocations=10 (full 0):
 garbage-first heap   total 124928K, used 101376K [0x0000000704400000, 0x0000000800000000)
  region size 2048K, 18 young (36864K), 3 survivors (6144K)
 Metaspace       used 32336K, committed 32768K, reserved 1114112K
  class space    used 3529K, committed 3712K, reserved 1048576K
}
Event: 8.330 GC heap after
{Heap after GC invocations=11 (full 0):
 garbage-first heap   total 124928K, used 72907K [0x0000000704400000, 0x0000000800000000)
  region size 2048K, 2 young (4096K), 2 survivors (4096K)
 Metaspace       used 32336K, committed 32768K, reserved 1114112K
  class space    used 3529K, committed 3712K, reserved 1048576K
}
Event: 8.975 GC heap before
{Heap before GC invocations=11 (full 0):
 garbage-first heap   total 124928K, used 103627K [0x0000000704400000, 0x0000000800000000)
  region size 2048K, 18 young (36864K), 2 survivors (4096K)
 Metaspace       used 33621K, committed 33984K, reserved 1114112K
  class space    used 3683K, committed 3840K, reserved 1048576K
}
Event: 8.983 GC heap after
{Heap after GC invocations=12 (full 0):
 garbage-first heap   total 151552K, used 72632K [0x0000000704400000, 0x0000000800000000)
  region size 2048K, 2 young (4096K), 2 survivors (4096K)
 Metaspace       used 33621K, committed 33984K, reserved 1114112K
  class space    used 3683K, committed 3840K, reserved 1048576K
}
Event: 9.538 GC heap before
{Heap before GC invocations=12 (full 0):
 garbage-first heap   total 151552K, used 125880K [0x0000000704400000, 0x0000000800000000)
  region size 2048K, 28 young (57344K), 2 survivors (4096K)
 Metaspace       used 34870K, committed 35392K, reserved 1114112K
  class space    used 3829K, committed 4096K, reserved 1048576K
}
Event: 9.546 GC heap after
{Heap after GC invocations=13 (full 0):
 garbage-first heap   total 151552K, used 74343K [0x0000000704400000, 0x0000000800000000)
  region size 2048K, 3 young (6144K), 3 survivors (6144K)
 Metaspace       used 34870K, committed 35392K, reserved 1114112K
  class space    used 3829K, committed 4096K, reserved 1048576K
}
Event: 9.842 GC heap before
{Heap before GC invocations=14 (full 0):
 garbage-first heap   total 151552K, used 127591K [0x0000000704400000, 0x0000000800000000)
  region size 2048K, 30 young (61440K), 3 survivors (6144K)
 Metaspace       used 35069K, committed 35648K, reserved 1114112K
  class space    used 3839K, committed 4096K, reserved 1048576K
}
Event: 9.853 GC heap after
{Heap after GC invocations=15 (full 0):
 garbage-first heap   total 151552K, used 76646K [0x0000000704400000, 0x0000000800000000)
  region size 2048K, 3 young (6144K), 3 survivors (6144K)
 Metaspace       used 35069K, committed 35648K, reserved 1114112K
  class space    used 3839K, committed 4096K, reserved 1048576K
}
Event: 10.088 GC heap before
{Heap before GC invocations=15 (full 0):
 garbage-first heap   total 151552K, used 131942K [0x0000000704400000, 0x0000000800000000)
  region size 2048K, 30 young (61440K), 3 survivors (6144K)
 Metaspace       used 35232K, committed 35840K, reserved 1114112K
  class space    used 3863K, committed 4160K, reserved 1048576K
}
Event: 10.098 GC heap after
{Heap after GC invocations=16 (full 0):
 garbage-first heap   total 151552K, used 78245K [0x0000000704400000, 0x0000000800000000)
  region size 2048K, 3 young (6144K), 3 survivors (6144K)
 Metaspace       used 35232K, committed 35840K, reserved 1114112K
  class space    used 3863K, committed 4160K, reserved 1048576K
}
Event: 10.294 GC heap before
{Heap before GC invocations=16 (full 0):
 garbage-first heap   total 151552K, used 133541K [0x0000000704400000, 0x0000000800000000)
  region size 2048K, 30 young (61440K), 3 survivors (6144K)
 Metaspace       used 35270K, committed 35840K, reserved 1114112K
  class space    used 3863K, committed 4160K, reserved 1048576K
}
Event: 10.303 GC heap after
{Heap after GC invocations=17 (full 0):
 garbage-first heap   total 188416K, used 80402K [0x0000000704400000, 0x0000000800000000)
  region size 2048K, 3 young (6144K), 3 survivors (6144K)
 Metaspace       used 35270K, committed 35840K, reserved 1114112K
  class space    used 3863K, committed 4160K, reserved 1048576K
}
Event: 10.947 GC heap before
{Heap before GC invocations=18 (full 0):
 garbage-first heap   total 188416K, used 166418K [0x0000000704400000, 0x0000000800000000)
  region size 2048K, 45 young (92160K), 3 survivors (6144K)
 Metaspace       used 37780K, committed 38400K, reserved 1114112K
  class space    used 4177K, committed 4416K, reserved 1048576K
}
Event: 10.955 GC heap after
{Heap after GC invocations=19 (full 0):
 garbage-first heap   total 188416K, used 83213K [0x0000000704400000, 0x0000000800000000)
  region size 2048K, 4 young (8192K), 4 survivors (8192K)
 Metaspace       used 37780K, committed 38400K, reserved 1114112K
  class space    used 4177K, committed 4416K, reserved 1048576K
}
Event: 12.053 GC heap before
{Heap before GC invocations=19 (full 0):
 garbage-first heap   total 188416K, used 167181K [0x0000000704400000, 0x0000000800000000)
  region size 2048K, 45 young (92160K), 4 survivors (8192K)
 Metaspace       used 42704K, committed 43392K, reserved 1114112K
  class space    used 4746K, committed 5056K, reserved 1048576K
}
Event: 12.067 GC heap after
{Heap after GC invocations=20 (full 0):
 garbage-first heap   total 188416K, used 86987K [0x0000000704400000, 0x0000000800000000)
  region size 2048K, 5 young (10240K), 5 survivors (10240K)
 Metaspace       used 42704K, committed 43392K, reserved 1114112K
  class space    used 4746K, committed 5056K, reserved 1048576K
}
Event: 12.291 GC heap before
{Heap before GC invocations=20 (full 0):
 garbage-first heap   total 188416K, used 164811K [0x0000000704400000, 0x0000000800000000)
  region size 2048K, 43 young (88064K), 5 survivors (10240K)
 Metaspace       used 42761K, committed 43392K, reserved 1114112K
  class space    used 4746K, committed 5056K, reserved 1048576K
}
Event: 12.304 GC heap after
{Heap after GC invocations=21 (full 0):
 garbage-first heap   total 188416K, used 89990K [0x0000000704400000, 0x0000000800000000)
  region size 2048K, 5 young (10240K), 5 survivors (10240K)
 Metaspace       used 42761K, committed 43392K, reserved 1114112K
  class space    used 4746K, committed 5056K, reserved 1048576K
}

